Started GET "/" for 127.0.0.1 at 2018-10-31 18:09:13 +0900
Processing by Rails::WelcomeController#index as HTML
Completed 500 Internal Server Error in 272ms


  
Gem::LoadError (Specified 'mysql2' for database adapter, but the gem is not loaded. Add `gem 'mysql2'` to your Gemfile (and ensure its version is at the minimum required by ActiveRecord).):
  
activerecord (5.1.6) lib/active_record/connection_adapters/connection_specification.rb:188:in `rescue in spec'
activerecord (5.1.6) lib/active_record/connection_adapters/connection_specification.rb:185:in `spec'
activerecord (5.1.6) lib/active_record/connection_adapters/abstract/connection_pool.rb:880:in `establish_connection'
activerecord (5.1.6) lib/active_record/connection_handling.rb:58:in `establish_connection'
activerecord (5.1.6) lib/active_record/railtie.rb:124:in `block (2 levels) in <class:Railtie>'
activesupport (5.1.6) lib/active_support/lazy_load_hooks.rb:69:in `instance_eval'
activesupport (5.1.6) lib/active_support/lazy_load_hooks.rb:69:in `block in execute_hook'
activesupport (5.1.6) lib/active_support/lazy_load_hooks.rb:60:in `with_execution_control'
activesupport (5.1.6) lib/active_support/lazy_load_hooks.rb:65:in `execute_hook'
activesupport (5.1.6) lib/active_support/lazy_load_hooks.rb:50:in `block in run_load_hooks'
activesupport (5.1.6) lib/active_support/lazy_load_hooks.rb:49:in `each'
activesupport (5.1.6) lib/active_support/lazy_load_hooks.rb:49:in `run_load_hooks'
activerecord (5.1.6) lib/active_record/base.rb:326:in `<module:ActiveRecord>'
activerecord (5.1.6) lib/active_record/base.rb:25:in `<top (required)>'
activesupport (5.1.6) lib/active_support/dependencies.rb:292:in `require'
activesupport (5.1.6) lib/active_support/dependencies.rb:292:in `block in require'
activesupport (5.1.6) lib/active_support/dependencies.rb:258:in `load_dependency'
activesupport (5.1.6) lib/active_support/dependencies.rb:292:in `require'
activerecord (5.1.6) lib/active_record/railties/controller_runtime.rb:40:in `append_info_to_payload'
actionpack (5.1.6) lib/action_controller/metal/instrumentation.rb:36:in `ensure in block in process_action'
actionpack (5.1.6) lib/action_controller/metal/instrumentation.rb:36:in `block in process_action'
activesupport (5.1.6) lib/active_support/notifications.rb:166:in `block in instrument'
activesupport (5.1.6) lib/active_support/notifications/instrumenter.rb:21:in `instrument'
activesupport (5.1.6) lib/active_support/notifications.rb:166:in `instrument'
actionpack (5.1.6) lib/action_controller/metal/instrumentation.rb:30:in `process_action'
actionpack (5.1.6) lib/action_controller/metal/params_wrapper.rb:252:in `process_action'
activerecord (5.1.6) lib/active_record/railties/controller_runtime.rb:22:in `process_action'
actionpack (5.1.6) lib/abstract_controller/base.rb:124:in `process'
actionview (5.1.6) lib/action_view/rendering.rb:30:in `process'
actionpack (5.1.6) lib/action_controller/metal.rb:189:in `dispatch'
actionpack (5.1.6) lib/action_controller/metal.rb:253:in `dispatch'
actionpack (5.1.6) lib/action_dispatch/routing/route_set.rb:49:in `dispatch'
actionpack (5.1.6) lib/action_dispatch/routing/route_set.rb:31:in `serve'
actionpack (5.1.6) lib/action_dispatch/journey/router.rb:50:in `block in serve'
actionpack (5.1.6) lib/action_dispatch/journey/router.rb:33:in `each'
actionpack (5.1.6) lib/action_dispatch/journey/router.rb:33:in `serve'
actionpack (5.1.6) lib/action_dispatch/routing/route_set.rb:844:in `call'
rack (2.0.5) lib/rack/etag.rb:25:in `call'
rack (2.0.5) lib/rack/conditional_get.rb:25:in `call'
rack (2.0.5) lib/rack/head.rb:12:in `call'
rack (2.0.5) lib/rack/session/abstract/id.rb:232:in `context'
rack (2.0.5) lib/rack/session/abstract/id.rb:226:in `call'
actionpack (5.1.6) lib/action_dispatch/middleware/cookies.rb:613:in `call'
activerecord (5.1.6) lib/active_record/migration.rb:556:in `call'
actionpack (5.1.6) lib/action_dispatch/middleware/callbacks.rb:26:in `block in call'
activesupport (5.1.6) lib/active_support/callbacks.rb:97:in `run_callbacks'
actionpack (5.1.6) lib/action_dispatch/middleware/callbacks.rb:24:in `call'
actionpack (5.1.6) lib/action_dispatch/middleware/executor.rb:12:in `call'
actionpack (5.1.6) lib/action_dispatch/middleware/debug_exceptions.rb:59:in `call'
web-console (3.5.1) lib/web_console/middleware.rb:135:in `call_app'
web-console (3.5.1) lib/web_console/middleware.rb:28:in `block in call'
web-console (3.5.1) lib/web_console/middleware.rb:18:in `catch'
web-console (3.5.1) lib/web_console/middleware.rb:18:in `call'
actionpack (5.1.6) lib/action_dispatch/middleware/show_exceptions.rb:31:in `call'
railties (5.1.6) lib/rails/rack/logger.rb:36:in `call_app'
railties (5.1.6) lib/rails/rack/logger.rb:24:in `block in call'
activesupport (5.1.6) lib/active_support/tagged_logging.rb:69:in `block in tagged'
activesupport (5.1.6) lib/active_support/tagged_logging.rb:26:in `tagged'
activesupport (5.1.6) lib/active_support/tagged_logging.rb:69:in `tagged'
railties (5.1.6) lib/rails/rack/logger.rb:24:in `call'
sprockets-rails (3.2.1) lib/sprockets/rails/quiet_assets.rb:13:in `call'
actionpack (5.1.6) lib/action_dispatch/middleware/remote_ip.rb:79:in `call'
actionpack (5.1.6) lib/action_dispatch/middleware/request_id.rb:25:in `call'
rack (2.0.5) lib/rack/method_override.rb:22:in `call'
rack (2.0.5) lib/rack/runtime.rb:22:in `call'
activesupport (5.1.6) lib/active_support/cache/strategy/local_cache_middleware.rb:27:in `call'
actionpack (5.1.6) lib/action_dispatch/middleware/executor.rb:12:in `call'
actionpack (5.1.6) lib/action_dispatch/middleware/static.rb:125:in `call'
rack (2.0.5) lib/rack/sendfile.rb:111:in `call'
railties (5.1.6) lib/rails/engine.rb:522:in `call'
puma (3.9.1) lib/puma/configuration.rb:224:in `call'
puma (3.9.1) lib/puma/server.rb:602:in `handle_request'
puma (3.9.1) lib/puma/server.rb:435:in `process_client'
puma (3.9.1) lib/puma/server.rb:299:in `block in run'
puma (3.9.1) lib/puma/thread_pool.rb:120:in `block in spawn_thread'
Started GET "/" for 127.0.0.1 at 2018-10-31 18:10:19 +0900
Processing by Rails::WelcomeController#index as HTML
Completed 500 Internal Server Error in 267ms


  
Gem::LoadError (Specified 'mysql2' for database adapter, but the gem is not loaded. Add `gem 'mysql2'` to your Gemfile (and ensure its version is at the minimum required by ActiveRecord).):
  
activerecord (5.1.6) lib/active_record/connection_adapters/connection_specification.rb:188:in `rescue in spec'
activerecord (5.1.6) lib/active_record/connection_adapters/connection_specification.rb:185:in `spec'
activerecord (5.1.6) lib/active_record/connection_adapters/abstract/connection_pool.rb:880:in `establish_connection'
activerecord (5.1.6) lib/active_record/connection_handling.rb:58:in `establish_connection'
activerecord (5.1.6) lib/active_record/railtie.rb:124:in `block (2 levels) in <class:Railtie>'
activesupport (5.1.6) lib/active_support/lazy_load_hooks.rb:69:in `instance_eval'
activesupport (5.1.6) lib/active_support/lazy_load_hooks.rb:69:in `block in execute_hook'
activesupport (5.1.6) lib/active_support/lazy_load_hooks.rb:60:in `with_execution_control'
activesupport (5.1.6) lib/active_support/lazy_load_hooks.rb:65:in `execute_hook'
activesupport (5.1.6) lib/active_support/lazy_load_hooks.rb:50:in `block in run_load_hooks'
activesupport (5.1.6) lib/active_support/lazy_load_hooks.rb:49:in `each'
activesupport (5.1.6) lib/active_support/lazy_load_hooks.rb:49:in `run_load_hooks'
activerecord (5.1.6) lib/active_record/base.rb:326:in `<module:ActiveRecord>'
activerecord (5.1.6) lib/active_record/base.rb:25:in `<top (required)>'
activesupport (5.1.6) lib/active_support/dependencies.rb:292:in `require'
activesupport (5.1.6) lib/active_support/dependencies.rb:292:in `block in require'
activesupport (5.1.6) lib/active_support/dependencies.rb:258:in `load_dependency'
activesupport (5.1.6) lib/active_support/dependencies.rb:292:in `require'
activerecord (5.1.6) lib/active_record/railties/controller_runtime.rb:40:in `append_info_to_payload'
actionpack (5.1.6) lib/action_controller/metal/instrumentation.rb:36:in `ensure in block in process_action'
actionpack (5.1.6) lib/action_controller/metal/instrumentation.rb:36:in `block in process_action'
activesupport (5.1.6) lib/active_support/notifications.rb:166:in `block in instrument'
activesupport (5.1.6) lib/active_support/notifications/instrumenter.rb:21:in `instrument'
activesupport (5.1.6) lib/active_support/notifications.rb:166:in `instrument'
actionpack (5.1.6) lib/action_controller/metal/instrumentation.rb:30:in `process_action'
actionpack (5.1.6) lib/action_controller/metal/params_wrapper.rb:252:in `process_action'
activerecord (5.1.6) lib/active_record/railties/controller_runtime.rb:22:in `process_action'
actionpack (5.1.6) lib/abstract_controller/base.rb:124:in `process'
actionview (5.1.6) lib/action_view/rendering.rb:30:in `process'
actionpack (5.1.6) lib/action_controller/metal.rb:189:in `dispatch'
actionpack (5.1.6) lib/action_controller/metal.rb:253:in `dispatch'
actionpack (5.1.6) lib/action_dispatch/routing/route_set.rb:49:in `dispatch'
actionpack (5.1.6) lib/action_dispatch/routing/route_set.rb:31:in `serve'
actionpack (5.1.6) lib/action_dispatch/journey/router.rb:50:in `block in serve'
actionpack (5.1.6) lib/action_dispatch/journey/router.rb:33:in `each'
actionpack (5.1.6) lib/action_dispatch/journey/router.rb:33:in `serve'
actionpack (5.1.6) lib/action_dispatch/routing/route_set.rb:844:in `call'
rack (2.0.5) lib/rack/etag.rb:25:in `call'
rack (2.0.5) lib/rack/conditional_get.rb:25:in `call'
rack (2.0.5) lib/rack/head.rb:12:in `call'
rack (2.0.5) lib/rack/session/abstract/id.rb:232:in `context'
rack (2.0.5) lib/rack/session/abstract/id.rb:226:in `call'
actionpack (5.1.6) lib/action_dispatch/middleware/cookies.rb:613:in `call'
activerecord (5.1.6) lib/active_record/migration.rb:556:in `call'
actionpack (5.1.6) lib/action_dispatch/middleware/callbacks.rb:26:in `block in call'
activesupport (5.1.6) lib/active_support/callbacks.rb:97:in `run_callbacks'
actionpack (5.1.6) lib/action_dispatch/middleware/callbacks.rb:24:in `call'
actionpack (5.1.6) lib/action_dispatch/middleware/executor.rb:12:in `call'
actionpack (5.1.6) lib/action_dispatch/middleware/debug_exceptions.rb:59:in `call'
web-console (3.5.1) lib/web_console/middleware.rb:135:in `call_app'
web-console (3.5.1) lib/web_console/middleware.rb:28:in `block in call'
web-console (3.5.1) lib/web_console/middleware.rb:18:in `catch'
web-console (3.5.1) lib/web_console/middleware.rb:18:in `call'
actionpack (5.1.6) lib/action_dispatch/middleware/show_exceptions.rb:31:in `call'
railties (5.1.6) lib/rails/rack/logger.rb:36:in `call_app'
railties (5.1.6) lib/rails/rack/logger.rb:24:in `block in call'
activesupport (5.1.6) lib/active_support/tagged_logging.rb:69:in `block in tagged'
activesupport (5.1.6) lib/active_support/tagged_logging.rb:26:in `tagged'
activesupport (5.1.6) lib/active_support/tagged_logging.rb:69:in `tagged'
railties (5.1.6) lib/rails/rack/logger.rb:24:in `call'
sprockets-rails (3.2.1) lib/sprockets/rails/quiet_assets.rb:13:in `call'
actionpack (5.1.6) lib/action_dispatch/middleware/remote_ip.rb:79:in `call'
actionpack (5.1.6) lib/action_dispatch/middleware/request_id.rb:25:in `call'
rack (2.0.5) lib/rack/method_override.rb:22:in `call'
rack (2.0.5) lib/rack/runtime.rb:22:in `call'
activesupport (5.1.6) lib/active_support/cache/strategy/local_cache_middleware.rb:27:in `call'
actionpack (5.1.6) lib/action_dispatch/middleware/executor.rb:12:in `call'
actionpack (5.1.6) lib/action_dispatch/middleware/static.rb:125:in `call'
rack (2.0.5) lib/rack/sendfile.rb:111:in `call'
railties (5.1.6) lib/rails/engine.rb:522:in `call'
puma (3.9.1) lib/puma/configuration.rb:224:in `call'
puma (3.9.1) lib/puma/server.rb:602:in `handle_request'
puma (3.9.1) lib/puma/server.rb:435:in `process_client'
puma (3.9.1) lib/puma/server.rb:299:in `block in run'
puma (3.9.1) lib/puma/thread_pool.rb:120:in `block in spawn_thread'
Started GET "/" for 127.0.0.1 at 2018-10-31 18:11:26 +0900
Processing by Rails::WelcomeController#index as HTML
  Rendering /Users/hayashiyoshino/.rbenv/versions/2.3.1/lib/ruby/gems/2.3.0/gems/railties-5.1.6/lib/rails/templates/rails/welcome/index.html.erb
  Rendered /Users/hayashiyoshino/.rbenv/versions/2.3.1/lib/ruby/gems/2.3.0/gems/railties-5.1.6/lib/rails/templates/rails/welcome/index.html.erb (3.7ms)
Completed 200 OK in 192ms (Views: 11.2ms)


Started GET "/" for 127.0.0.1 at 2018-10-31 18:17:33 +0900
Processing by ApplicationController#hello as HTML
  Rendering html template
  Rendered html template (0.0ms)
Completed 200 OK in 3ms (Views: 2.0ms)


Started GET "/" for 127.0.0.1 at 2018-10-31 18:18:06 +0900
Processing by ApplicationController#hello as HTML
  Rendering html template
  Rendered html template (0.0ms)
Completed 200 OK in 2ms (Views: 0.9ms)


Started GET "/" for 127.0.0.1 at 2018-10-31 18:18:42 +0900
Processing by ApplicationController#hello as HTML
  Rendering html template
  Rendered html template (0.0ms)
Completed 200 OK in 1ms (Views: 0.5ms)


Started GET "/" for 127.0.0.1 at 2018-10-31 18:20:09 +0900
Processing by ApplicationController#goodbye as HTML
Completed 500 Internal Server Error in 53ms


  
NoMethodError (undefined method `bye!' for #<ApplicationController:0x007f93d1921a00>):
  
app/controllers/application_controller.rb:9:in `goodbye'
Started GET "/" for 127.0.0.1 at 2018-10-31 18:20:39 +0900
Processing by ApplicationController#goodbye as HTML
  Rendering html template
  Rendered html template (0.0ms)
Completed 200 OK in 1ms (Views: 0.5ms)


